<?xml version="1.0" encoding="UTF-8"?>
<coverage generated="1737366872820" clover="3.2.0">
  <project timestamp="1737366872821" name="All files">
    <metrics statements="14" coveredstatements="14" conditionals="2" coveredconditionals="1" methods="2" coveredmethods="2" elements="18" coveredelements="17" complexity="0" loc="14" ncloc="14" packages="1" files="2" classes="2"/>
    <file name="Task.js" path="/home/master/Documents/developersFoundry/developersFoundryAssignments/TodoApp/models/Task.js">
      <metrics statements="3" coveredstatements="3" conditionals="0" coveredconditionals="0" methods="0" coveredmethods="0"/>
      <line num="1" count="1" type="stmt"/>
      <line num="4" count="1" type="stmt"/>
      <line num="36" count="1" type="stmt"/>
    </file>
    <file name="User.js" path="/home/master/Documents/developersFoundry/developersFoundryAssignments/TodoApp/models/User.js">
      <metrics statements="11" coveredstatements="11" conditionals="2" coveredconditionals="1" methods="2" coveredmethods="2"/>
      <line num="1" count="2" type="stmt"/>
      <line num="3" count="2" type="stmt"/>
      <line num="6" count="2" type="stmt"/>
      <line num="37" count="2" type="stmt"/>
      <line num="38" count="3" type="cond" truecount="1" falsecount="1"/>
      <line num="39" count="3" type="stmt"/>
      <line num="40" count="3" type="stmt"/>
      <line num="41" count="3" type="stmt"/>
      <line num="45" count="2" type="stmt"/>
      <line num="46" count="2" type="stmt"/>
      <line num="50" count="2" type="stmt"/>
    </file>
  </project>
</coverage>
