{"/home/master/Documents/developersFoundry/developersFoundryAssignments/TodoApp/models/Task.js": {"path":"/home/master/Documents/developersFoundry/developersFoundryAssignments/TodoApp/models/Task.js","statementMap":{"0":{"start":{"line":1,"column":17},"end":{"line":1,"column":36}},"1":{"start":{"line":4,"column":19},"end":{"line":33,"column":24}},"2":{"start":{"line":36,"column":0},"end":{"line":36,"column":52}}},"fnMap":{},"branchMap":{},"s":{"0":1,"1":1,"2":1},"f":{},"b":{},"_coverageSchema":"1a1c01bbd47fc00a2c39e90264f33305004495a9","hash":"56b6f53cdbd3afef97851e3f3c70284f3b1de52d"}
,"/home/master/Documents/developersFoundry/developersFoundryAssignments/TodoApp/models/User.js": {"path":"/home/master/Documents/developersFoundry/developersFoundryAssignments/TodoApp/models/User.js","statementMap":{"0":{"start":{"line":1,"column":17},"end":{"line":1,"column":36}},"1":{"start":{"line":3,"column":15},"end":{"line":3,"column":34}},"2":{"start":{"line":6,"column":19},"end":{"line":34,"column":24}},"3":{"start":{"line":37,"column":0},"end":{"line":42,"column":3}},"4":{"start":{"line":38,"column":2},"end":{"line":38,"column":50}},"5":{"start":{"line":38,"column":36},"end":{"line":38,"column":50}},"6":{"start":{"line":39,"column":15},"end":{"line":39,"column":39}},"7":{"start":{"line":40,"column":2},"end":{"line":40,"column":57}},"8":{"start":{"line":41,"column":2},"end":{"line":41,"column":9}},"9":{"start":{"line":45,"column":0},"end":{"line":47,"column":2}},"10":{"start":{"line":46,"column":2},"end":{"line":46,"column":58}},"11":{"start":{"line":50,"column":0},"end":{"line":50,"column":52}}},"fnMap":{"0":{"name":"(anonymous_0)","decl":{"start":{"line":37,"column":23},"end":{"line":37,"column":24}},"loc":{"start":{"line":37,"column":45},"end":{"line":42,"column":1}},"line":37},"1":{"name":"(anonymous_1)","decl":{"start":{"line":45,"column":37},"end":{"line":45,"column":38}},"loc":{"start":{"line":45,"column":66},"end":{"line":47,"column":1}},"line":45}},"branchMap":{"0":{"loc":{"start":{"line":38,"column":2},"end":{"line":38,"column":50}},"type":"if","locations":[{"start":{"line":38,"column":2},"end":{"line":38,"column":50}},{"start":{},"end":{}}],"line":38}},"s":{"0":2,"1":2,"2":2,"3":2,"4":3,"5":0,"6":3,"7":3,"8":3,"9":2,"10":2,"11":2},"f":{"0":3,"1":2},"b":{"0":[0,3]},"_coverageSchema":"1a1c01bbd47fc00a2c39e90264f33305004495a9","hash":"dad9d850698e9f7dd0e954471f23eeec6d59c018"}
}
